[12.17.36] INFO: Acknowledged /viewQueue command.
[12.17.36] INFO: Diary queue is empty.
[12.17.39] INFO: Received request for main editor page.
[12.17.39] INFO: Successfully listed files in C:\Users\brent\Documents\HackClub\Blogging Bot\data\blocks
[12.17.39] INFO: listSavedFiles function execution completed.
[12.17.39] INFO: Successfully listed files in C:\Users\brent\Documents\HackClub\Blogging Bot\data\templates
[12.17.39] INFO: listTemplates function execution completed.
[12.17.39] INFO: Successfully listed files in C:\Users\brent\Documents\HackClub\Blogging Bot\data\sent
[12.17.39] INFO: listSent function execution completed.
[12.17.39] INFO: Successfully listed files in C:\Users\brent\Documents\HackClub\Blogging Bot\data\queue
[12.17.39] INFO: listQueued function execution completed.
[12.17.39] INFO: Successfully loaded last saved state.
[12.17.39] INFO: Successfully rendered main editor page.
[12.17.39] INFO: GET / request processing completed.
[12.17.47] INFO: Received request to load file.
[12.17.47] INFO: Attempting to load file from: C:\Users\brent\Documents\HackClub\Blogging Bot\data\blocks\sent-1738785149184.json
[12.17.47] ERROR: Error loading file:
[12.17.47] INFO: GET /load/:filename request processing completed.
[12.17.49] INFO: Received request to load file.
[12.17.49] INFO: Attempting to load file from: C:\Users\brent\Documents\HackClub\Blogging Bot\data\blocks\sent-1738859730214.json
[12.17.49] ERROR: Error loading file:
[12.17.49] INFO: GET /load/:filename request processing completed.
